2023-08-23 18:27:54 Generate_waveforms: Could not generate waveform for track {0060824F-10D3-4518-99A1-F07B56E2B198}: Could not move decrypted file
2023-08-23 18:28:33 Generate_waveforms: Could not generate waveform for track {0183C2A9-9012-4556-921C-59A7FF148E36}: Could not move decrypted file
2023-08-23 18:28:47 Generate_waveforms: Could not generate waveform for track {022B1F08-F877-4A9B-990D-5C681A5F9177}: Could not move decrypted file
2023-08-23 18:29:01 Generate_waveforms: Could not generate waveform for track {02B76A5E-2C99-43E4-9E63-9CE06E57C283}: Could not move decrypted file
2023-08-23 18:30:26 Generate_waveforms: Could not generate waveform for track {062E577F-97FC-4DDA-BD1E-290274792ED8}: Could not move decrypted file
2023-08-23 18:30:26 Generate_waveforms: Could not generate waveform for track {06407CFB-1EB0-4EE5-9F92-6B65A40A35C9}: Could not move decrypted file
2023-08-23 18:31:40 Generate_waveforms: Could not generate waveform for track {08D6ACA0-748A-4E0A-8301-616C024604D7}: Could not move decrypted file
2023-08-23 18:32:02 Generate_waveforms: Could not generate waveform for track {0958E77C-7C37-4835-8A2F-04177D0A42D7}: Could not move decrypted file
2023-08-23 18:32:04 Generate_waveforms: Could not generate waveform for track {095CDAB6-7B59-476B-9063-5EED92E458A7}: Could not move decrypted file
2023-08-23 18:32:38 Generate_waveforms: Could not generate waveform for track {0A8F6DEE-551B-4BBF-92AA-D4E126EB4768}: Could not move decrypted file
2023-08-23 18:33:05 Generate_waveforms: Could not generate waveform for track {0B42E182-60C4-4554-9CB3-5911B7E55FAF}: Could not move decrypted file
2023-08-23 18:33:45 Generate_waveforms: Could not generate waveform for track {0CC2ED71-AE15-4423-9683-584CA783701F}: Could not move decrypted file
2023-08-23 18:34:07 Generate_waveforms: Could not generate waveform for track {0D9A441D-131D-4307-9E99-441A674693D9}: Could not move decrypted file
2023-08-23 18:34:23 Generate_waveforms: Could not generate waveform for track {0E4F7616-C0B2-47EF-AFC1-03E232A0BB3A}: Could not move decrypted file
2023-08-23 18:35:27 Generate_waveforms: Could not generate waveform for track {10A3DAEA-2906-4AE7-A335-45F9FD7FA989}: Could not move decrypted file
2023-08-23 18:35:28 Generate_waveforms: Could not generate waveform for track {10DA17FE-26B2-474C-9CF0-6C9B40BA6EDE}: Could not move decrypted file
2023-08-23 18:35:44 Generate_waveforms: Could not generate waveform for track {11467678-645C-4C21-AB4E-310951668C27}: Could not move decrypted file
2023-08-23 18:35:44 Generate_waveforms: Could not generate waveform for track {11577738-3EFB-4412-BE56-D790751F154C}: Could not move decrypted file
2023-08-23 18:36:26 Generate_waveforms: Could not generate waveform for track {13030DB5-DC8A-4C43-82BF-6DF07B4D12F2}: Could not move decrypted file
2023-08-23 18:37:30 Generate_waveforms: Could not generate waveform for track {151FD98B-5D6C-4E84-BE7D-ABC082626807}: Could not move decrypted file
2023-08-23 18:37:43 Generate_waveforms: Could not generate waveform for track {15B83D53-80F3-4FF8-BA5B-DCF0953F4DBA}: Could not move decrypted file
2023-08-23 18:37:56 Generate_waveforms: Could not generate waveform for track {1625A942-CBFE-4909-A355-B124772829DF}: Could not move decrypted file
2023-08-23 18:38:11 Generate_waveforms: Could not generate waveform for track {16BE54A5-9AED-473F-A660-5551520C074F}: Could not move decrypted file
2023-08-23 18:38:32 Generate_waveforms: Could not generate waveform for track {1786A5AA-4FE5-437E-B567-E3B482C4F2D7}: Could not move decrypted file
2023-08-23 18:38:37 Generate_waveforms: Could not generate waveform for track {17C53567-5A17-4297-9431-5C3437617ADA}: Could not move decrypted file
2023-08-23 18:39:11 Generate_waveforms: Could not generate waveform for track {199719C9-3DBB-41AE-BAC2-1F26E5B2ADB6}: Could not move decrypted file
2023-08-23 18:39:13 Generate_waveforms: Could not generate waveform for track {19B90A2F-E133-4C3D-9688-BAFAFCB05902}: Could not move decrypted file
2023-08-23 18:39:22 Generate_waveforms: Could not generate waveform for track {1A0F4EF7-757C-4821-9CD5-59325A6F52EC}: Could not move decrypted file
2023-08-23 18:39:23 Generate_waveforms: Could not generate waveform for track {1A6B93A8-F5E2-4C26-B039-804A6CC8F891}: Could not move decrypted file
2023-08-23 18:39:30 Generate_waveforms: Could not generate waveform for track {1A8A4EA8-F8F4-4254-B4BD-CC78578F0F3A}: Could not move decrypted file
2023-08-23 18:39:32 Generate_waveforms: Could not generate waveform for track {1ABF90F9-BE1B-40C3-985E-94A1B44F910D}: Could not move decrypted file
2023-08-23 18:39:32 Generate_waveforms: Could not generate waveform for track {1AD313FA-A003-421C-BAAE-1747AD364F04}: Could not move decrypted file
2023-08-23 18:39:35 Generate_waveforms: Could not generate waveform for track {1B0CD50E-0B60-4A69-99EB-06C2A397DD80}: Could not move decrypted file
2023-08-23 18:39:35 Generate_waveforms: Could not generate waveform for track {1B34F3BE-F4B2-436A-8930-01A5362FA662}: Could not move decrypted file
2023-08-23 18:39:37 Generate_waveforms: Could not generate waveform for track {1B547DAA-14DD-4222-937E-7783D5CEC48D}: Could not move decrypted file
2023-08-23 18:40:15 Generate_waveforms: Could not generate waveform for track {1D08BB0B-452C-4A6C-89C5-F15A0E295589}: Could not move decrypted file
2023-08-23 18:40:17 Generate_waveforms: Could not generate waveform for track {1D16467F-1803-4127-9EBC-DE96946EA5C9}: Could not move decrypted file
2023-08-23 18:40:19 Generate_waveforms: Could not generate waveform for track {1D1D22B0-61E8-46E7-8530-782F5927B683}: Could not move decrypted file
2023-08-23 18:41:05 Generate_waveforms: Could not generate waveform for track {1EB2E16A-F636-468A-BDAA-DF119CAE1A45}: Could not move decrypted file
2023-08-23 18:41:28 Generate_waveforms: Could not generate waveform for track {1F5B2F3A-433D-426C-A245-986D3AD94A25}: Could not move decrypted file
2023-08-23 18:42:27 Generate_waveforms: Could not generate waveform for track {21763FA4-5711-4D73-9D0A-E900D2264287}: Could not move decrypted file
2023-08-23 18:42:43 Generate_waveforms: Could not generate waveform for track {21F5BECC-E4D7-46CC-84A4-8F7504899A31}: Could not move decrypted file
2023-08-23 18:42:52 Generate_waveforms: Could not generate waveform for track {22248F62-FC6E-4D9A-AD17-9BDE0226E3A1}: Could not move decrypted file
2023-08-23 18:43:16 Generate_waveforms: Could not generate waveform for track {228BC6EC-0D43-482E-BE1B-FF80DEA73A9B}: Could not move decrypted file
2023-08-23 18:43:16 Generate_waveforms: Could not generate waveform for track {228E21D5-7C9F-4861-9EF2-48FB4F4E103A}: Could not move decrypted file
2023-08-23 18:43:30 Generate_waveforms: Could not generate waveform for track {230DE6F6-2C62-4D43-AD7F-D1E50FDE1A4A}: Could not move decrypted file
2023-08-23 18:44:17 Generate_waveforms: Could not generate waveform for track {2444CD2A-3B70-4860-BD87-549EA38DE5D6}: Could not move decrypted file
2023-08-23 18:44:33 Generate_waveforms: Could not generate waveform for track {252F382C-C836-4AFF-8D8A-402A44DE0851}: Could not move decrypted file
2023-08-23 18:44:49 Generate_waveforms: Could not generate waveform for track {25A309C1-EA9D-435A-96CF-00C12029FCB0}: Could not move decrypted file
2023-08-23 18:44:49 Generate_waveforms: Could not generate waveform for track {25AFF663-A395-4B0E-869D-C9AFDC22FE50}: Could not move decrypted file
2023-08-23 18:45:52 Generate_waveforms: Could not generate waveform for track {28686BDD-7925-46D4-A92C-02F8CE68A917}: Could not move decrypted file
2023-08-23 18:45:52 Generate_waveforms: Could not generate waveform for track {28753A71-9208-4723-A535-92C5F2499EFE}: Could not move decrypted file
2023-08-23 18:46:03 Generate_waveforms: Could not generate waveform for track {28A46A21-636D-4422-90CF-B59599D339FA}: Could not move decrypted file
2023-08-23 18:46:25 Generate_waveforms: Could not generate waveform for track {2940A3F6-B2AE-4CCF-B202-7C6D91BF49F5}: Could not move decrypted file
2023-08-23 18:47:01 Generate_waveforms: Could not generate waveform for track {2AAB9702-1928-4EAC-B26B-05365BD8AFBC}: Could not move decrypted file
2023-08-23 18:48:09 Generate_waveforms: Could not generate waveform for track {2CF8DBFF-2DBB-4FC2-B838-33D433969F0B}: Could not move decrypted file
2023-08-23 18:50:39 Generate_waveforms: Could not generate waveform for track {324CED08-043D-4518-AFA8-5F3330C9E5EC}: Could not move decrypted file
2023-08-23 18:51:41 Generate_waveforms: Could not generate waveform for track {33DFA5F3-8BF0-4952-BFD7-5672CC4E8867}: Could not move decrypted file
2023-08-23 18:51:59 Generate_waveforms: Could not generate waveform for track {34A0AF7E-EC10-4C5E-9434-05EA9CF8CCF7}: Could not move decrypted file
2023-08-23 18:52:15 Generate_waveforms: Could not generate waveform for track {355DDFDA-51EE-4CAD-A5F4-A09D69B9BE41}: Could not move decrypted file
2023-08-23 18:52:18 Generate_waveforms: Could not generate waveform for track {3576B4AD-9C3B-4EDB-8110-FE71C7104E9A}: Could not move decrypted file
2023-08-23 18:53:35 Generate_waveforms: Could not generate waveform for track {3802DA61-9A14-43F1-BAEB-DDFA52F72488}: Could not move decrypted file
2023-08-23 18:54:29 Generate_waveforms: Could not generate waveform for track {3A009BE1-8C49-40B1-903A-2FFAF4B7F2B9}: Could not move decrypted file
2023-08-23 18:54:36 Generate_waveforms: Could not generate waveform for track {3A7129A1-B913-4457-A033-C02E91CC50A5}: Could not move decrypted file
2023-08-23 18:54:53 Generate_waveforms: Could not generate waveform for track {3B3C01BD-C792-4F85-A477-9439D7378542}: Could not move decrypted file
2023-08-23 18:55:32 Generate_waveforms: Could not generate waveform for track {3D079A32-D563-4779-8D32-CD71FD9B4081}: Could not move decrypted file
2023-08-23 18:56:12 Generate_waveforms: Could not generate waveform for track {3E8648C7-2A97-4FE8-8F42-FB6565C4CE73}: Could not move decrypted file
2023-08-23 18:56:59 Generate_waveforms: Could not generate waveform for track {3FFE92AB-1331-4FF8-BD5F-B7319B935C4C}: Could not move decrypted file
2023-08-23 18:58:00 Generate_waveforms: Could not generate waveform for track {41FAC26B-AE59-4440-BD64-A6B6E4A84FF9}: Could not move decrypted file
2023-08-23 18:58:28 Generate_waveforms: Could not generate waveform for track {430F7BC9-9B84-4000-83A5-067E842D4B04}: Could not move decrypted file
2023-08-23 18:58:46 Generate_waveforms: Could not generate waveform for track {43CFB9A7-CDA7-4573-98FC-DA5F1A39850A}: Could not move decrypted file
2023-08-23 18:58:57 Generate_waveforms: Could not generate waveform for track {4431C715-C294-4475-90E6-316E4B2ECE19}: Could not move decrypted file
2023-08-23 18:59:14 Generate_waveforms: Could not generate waveform for track {44A8E3B6-E776-4444-AB62-A44B8E3133D2}: Could not move decrypted file
2023-08-23 18:59:44 Generate_waveforms: Could not generate waveform for track {459B349A-8F74-4BFE-B6EB-E8E39696EF68}: Could not move decrypted file
2023-08-23 18:59:57 Generate_waveforms: Could not generate waveform for track {4618DE18-582A-4D82-89FB-043BE88200B9}: Could not move decrypted file
2023-08-23 19:00:01 Generate_waveforms: Could not generate waveform for track {462DCB3F-AF97-47A1-AC66-4BB3F85AAE17}: Could not move decrypted file
2023-08-23 19:00:48 Generate_waveforms: Could not generate waveform for track {47667184-3989-4EEC-8237-3DC36F68F200}: Could not move decrypted file
2023-08-23 19:01:06 Generate_waveforms: Could not generate waveform for track {4828BC4F-B9F4-4424-BE46-024CE003D501}: Could not move decrypted file
2023-08-23 19:01:14 Generate_waveforms: Could not generate waveform for track {48564158-DF1A-4C0C-8E3B-3195F68605DD}: Could not move decrypted file
2023-08-23 19:02:12 Generate_waveforms: Could not generate waveform for track {4A159DE1-5035-4E9C-8904-52F15B204818}: Could not move decrypted file
2023-08-23 19:02:18 Generate_waveforms: Could not generate waveform for track {4A40100C-AAC9-47DC-BD2B-4FE08615526B}: Could not move decrypted file
2023-08-23 19:02:57 Generate_waveforms: Could not generate waveform for track {4BB09A90-E444-4348-A73C-6B77C947C71C}: Could not move decrypted file
2023-08-23 19:02:57 Generate_waveforms: Could not generate waveform for track {4BD6B1E2-7291-4F91-8FFB-6843BFF64A08}: Could not move decrypted file
2023-08-23 19:03:07 Generate_waveforms: Could not generate waveform for track {4C137824-6904-464F-A6A3-6249919C25D9}: Could not move decrypted file
2023-08-23 19:03:29 Generate_waveforms: Could not generate waveform for track {4CF361B6-593C-4316-B017-00FCFE3EA7CC}: Could not move decrypted file
2023-08-23 19:03:32 Generate_waveforms: Could not generate waveform for track {4D054CA1-BBAD-4D58-A480-06171BC8BF4E}: Could not move decrypted file
2023-08-23 19:04:25 Generate_waveforms: Could not generate waveform for track {4E5C946B-760A-4B85-B57F-5BE7D9A58A01}: Could not move decrypted file
2023-08-23 19:04:49 Generate_waveforms: Could not generate waveform for track {4F1A1C98-4B9A-4959-9E71-5CFCEB202682}: Could not move decrypted file
2023-08-23 19:04:49 Generate_waveforms: Could not generate waveform for track {4F1E7F93-0610-42F2-8F2D-51719B2907ED}: Could not move decrypted file
2023-08-23 19:04:55 Generate_waveforms: Could not generate waveform for track {4F5CBFE1-14CE-42D1-8353-17C914F6496D}: Could not move decrypted file
2023-08-23 19:05:04 Generate_waveforms: Could not generate waveform for track {4F9BF3F4-DDE6-47C6-8D27-D8AED8597FEC}: Could not move decrypted file
2023-08-23 19:05:12 Generate_waveforms: Could not generate waveform for track {5003E9F4-9298-4408-B41A-E0242CD8ADE7}: Could not move decrypted file
2023-08-23 19:06:14 Generate_waveforms: Could not generate waveform for track {523EA037-348E-436A-B7E3-42AFA2BB3120}: Could not move decrypted file
2023-08-23 19:06:35 Generate_waveforms: Could not generate waveform for track {526C4C53-81B1-456F-9417-D225ADF062DB}: Could not move decrypted file
2023-08-23 19:06:58 Generate_waveforms: Could not generate waveform for track {53149BFD-327C-4E9D-9F85-CFC2B22503DB}: Could not move decrypted file
2023-08-23 19:07:09 Generate_waveforms: Could not generate waveform for track {539AC4E4-73F4-48AC-A804-2591D809959C}: Could not move decrypted file
2023-08-23 19:08:22 Generate_waveforms: Could not generate waveform for track {55F7D0FF-2E67-4387-AD8E-04D50F06A0DE}: Could not move decrypted file
2023-08-23 19:08:23 Generate_waveforms: Could not generate waveform for track {560FB87C-8F40-4006-B61E-2D1C96CA84E4}: Could not move decrypted file
2023-08-23 19:08:23 Generate_waveforms: Could not generate waveform for track {563D7537-9152-455D-B36E-71AE417CC4BE}: Could not move decrypted file
2023-08-23 19:08:28 Generate_waveforms: Could not generate waveform for track {56678DFA-2E4B-49EF-A24D-57DF1B9D6433}: Could not move decrypted file
2023-08-23 19:08:45 Generate_waveforms: Could not generate waveform for track {5713D5F4-E926-415A-A5FD-E0F8BBEB2A6A}: Could not move decrypted file
2023-08-23 19:09:02 Generate_waveforms: Could not generate waveform for track {57AD3027-5727-479E-98DA-6B8390FAB718}: Could not move decrypted file
2023-08-23 19:09:09 Generate_waveforms: Could not generate waveform for track {57CF493F-853F-4345-8E17-FF6EB2DA7916}: Could not move decrypted file
2023-08-23 19:09:24 Generate_waveforms: Could not generate waveform for track {5904D4EA-2C8E-4C16-9186-EC178AF20484}: Could not move decrypted file
2023-08-23 19:10:37 Generate_waveforms: Could not generate waveform for track {5BD35454-77A6-4028-B50B-68BCFF8B12A3}: Could not move decrypted file
2023-08-23 19:11:00 Generate_waveforms: Could not generate waveform for track {5C8E29EF-41AB-4CCC-8F84-82F36776B422}: Could not move decrypted file
2023-08-23 19:11:00 Generate_waveforms: Could not generate waveform for track {5CAE1513-7516-4FCC-929B-A4B6ED822B75}: Could not move decrypted file
2023-08-23 19:11:28 Generate_waveforms: Could not generate waveform for track {5DB0DAD0-9BEF-4FEC-892C-B5C4ECFB9D6A}: Could not move decrypted file
2023-08-23 19:12:07 Generate_waveforms: Could not generate waveform for track {5EB15192-068F-4171-B31E-A9FD2F435890}: Could not move decrypted file
2023-08-23 19:12:17 Generate_waveforms: Could not generate waveform for track {5F0668B8-0C3E-4CE0-B069-6DD2DEF86A66}: Could not move decrypted file
2023-08-23 19:13:39 Generate_waveforms: Could not generate waveform for track {61731770-7AF3-4728-9003-2722DBBC577B}: Could not move decrypted file
2023-08-23 19:13:55 Generate_waveforms: Could not generate waveform for track {6201F2A5-967C-478F-AF52-3E13532479BA}: Could not move decrypted file
2023-08-23 19:13:55 Generate_waveforms: Could not generate waveform for track {620BBF19-A2E9-452B-8ADC-981793BA165A}: Could not move decrypted file
2023-08-23 19:13:57 Generate_waveforms: Could not generate waveform for track {62300FAD-413A-4509-A8B4-F72FE80EAA4A}: Could not move decrypted file
2023-08-23 19:14:08 Generate_waveforms: Could not generate waveform for track {62A77F78-2141-4FC6-8AFE-201CDC6C4C38}: Could not move decrypted file
2023-08-23 19:14:14 Generate_waveforms: Could not generate waveform for track {62C29E8C-CEFE-4912-BEEB-10432F0B5D5E}: Could not move decrypted file
2023-08-23 19:14:14 Generate_waveforms: Could not generate waveform for track {62DDAC1E-06C1-4B14-AAD6-4E80F576321D}: Could not move decrypted file
2023-08-23 19:14:22 Generate_waveforms: Could not generate waveform for track {635BA60F-61BD-4263-96F3-8EBD3AF5BF88}: Could not move decrypted file
2023-08-23 19:14:24 Generate_waveforms: Could not generate waveform for track {63664800-8CF9-445E-9CC2-DB9F8BB2E19B}: Could not move decrypted file
2023-08-23 19:15:48 Generate_waveforms: Could not generate waveform for track {66016ACC-D0CA-446E-ACD5-2A1BAB21DA6B}: Could not move decrypted file
2023-08-23 19:15:54 Generate_waveforms: Could not generate waveform for track {666BAD28-0AE2-43E0-8B57-A2C23196964B}: Could not move decrypted file
2023-08-23 19:16:06 Generate_waveforms: Could not generate waveform for track {66FC528F-AA1C-4F14-9861-E558D42E8265}: Could not move decrypted file
2023-08-23 19:16:09 Generate_waveforms: Could not generate waveform for track {673A8394-0ED4-4FDF-8035-DDE95960133C}: Could not move decrypted file
2023-08-23 19:16:26 Generate_waveforms: Could not generate waveform for track {678DC9BE-A3F1-4D41-A1D9-2B53DC1C7ACC}: Could not move decrypted file
2023-08-23 19:17:07 Generate_waveforms: Could not generate waveform for track {68C60966-4ECF-40A9-8D65-1ADF33BC6105}: Could not move decrypted file
2023-08-23 19:17:07 Generate_waveforms: Could not generate waveform for track {68CB1BD9-FCDD-4E06-8B52-D80B9D93D11D}: Could not move decrypted file
2023-08-23 19:17:31 Generate_waveforms: Could not generate waveform for track {696F6FFC-CDDC-42D4-B180-D938B31F8804}: Could not move decrypted file
2023-08-23 19:19:19 Generate_waveforms: Could not generate waveform for track {6CB82E34-3026-46F8-AA37-E5C18EFB76B7}: Could not move decrypted file
2023-08-23 19:19:22 Generate_waveforms: Could not generate waveform for track {6CC9621C-9708-48D3-A7A8-CDF4BAB1A6EF}: Could not move decrypted file
2023-08-23 19:19:39 Generate_waveforms: Could not generate waveform for track {6D8BF12B-C376-4F16-A09B-10FE2109227A}: Could not move decrypted file
2023-08-23 19:20:04 Generate_waveforms: Could not generate waveform for track {6E476199-667C-45CB-AA53-E437D2ABC4AF}: Could not move decrypted file
2023-08-23 19:20:25 Generate_waveforms: Could not generate waveform for track {6F1B6515-30AB-46FB-AD8A-D448985065BB}: Could not move decrypted file
2023-08-23 19:21:27 Generate_waveforms: Could not generate waveform for track {72039C76-C31B-4816-9EF5-E4CB5B64E91B}: Could not move decrypted file
2023-08-23 19:21:43 Generate_waveforms: Could not generate waveform for track {72AD72AB-0072-45F4-AB7D-0EBFC0E93B25}: Could not move decrypted file
2023-08-23 19:22:15 Generate_waveforms: Could not generate waveform for track {7354013F-6460-4842-AE7B-38070252BE2C}: Could not move decrypted file
2023-08-23 19:22:20 Generate_waveforms: Could not generate waveform for track {73717D62-48A2-4E30-95C7-4A5711F1153E}: Could not move decrypted file
2023-08-23 19:23:02 Generate_waveforms: Could not generate waveform for track {755B7184-C962-4B9D-8896-FDFA71910AA5}: Could not move decrypted file
2023-08-23 19:24:10 Generate_waveforms: Could not generate waveform for track {782085BF-B4AD-43F9-8C4E-0A55357E25F8}: Could not move decrypted file
2023-08-23 19:24:18 Generate_waveforms: Could not generate waveform for track {784F0A67-C065-48E6-B74B-6AAD2D15C2EC}: Could not move decrypted file
2023-08-23 19:24:45 Generate_waveforms: Could not generate waveform for track {79448064-1D60-467C-B857-F2E472920B60}: Could not move decrypted file
2023-08-23 19:24:59 Generate_waveforms: Could not generate waveform for track {79D31324-6D67-4511-8FBD-C9177E7AC226}: Could not move decrypted file
2023-08-23 19:25:26 Generate_waveforms: Could not generate waveform for track {7AC1C223-0592-474E-AD3D-965EA29619E7}: Could not move decrypted file
2023-08-23 19:25:33 Generate_waveforms: Could not generate waveform for track {7B0C6B31-86D9-4A26-A8CB-148F6669B2DE}: Could not move decrypted file
2023-08-23 19:25:54 Generate_waveforms: Could not generate waveform for track {7C0F5280-7F98-4535-A362-FE7409782389}: Could not move decrypted file
2023-08-23 19:26:10 Generate_waveforms: Could not generate waveform for track {7C88E555-D011-4CD1-B5B3-09BE248E4CC7}: Could not move decrypted file
2023-08-23 19:26:32 Generate_waveforms: Could not generate waveform for track {7D5D500C-00F3-4DC3-9A33-70C8262ABF56}: Could not move decrypted file
2023-08-23 19:27:16 Generate_waveforms: Could not generate waveform for track {7EA4C986-63BC-4FEF-AA3A-0799411C5D74}: Could not move decrypted file
2023-08-23 19:27:23 Generate_waveforms: Could not generate waveform for track {7EF1124A-477C-447F-8543-C14FED67BBE1}: Could not move decrypted file
2023-08-23 19:27:23 Generate_waveforms: Could not generate waveform for track {7F0750B3-2BB9-4468-831E-70CEB86CBBD7}: Could not move decrypted file
2023-08-23 19:28:22 Generate_waveforms: Could not generate waveform for track {80DB4711-22A0-4031-907C-FA149C80A616}: Could not move decrypted file
2023-08-23 19:28:39 Generate_waveforms: Could not generate waveform for track {81690767-FF5F-4738-A0DF-0AB6A206FA28}: Could not move decrypted file
2023-08-23 19:28:43 Generate_waveforms: Could not generate waveform for track {81A1A7A6-6EAA-4B11-AF05-3BCA0FC0925A}: Could not move decrypted file
2023-08-23 19:29:20 Generate_waveforms: Could not generate waveform for track {833338B5-5D55-49D9-BE1C-F0135CFA2ECD}: Could not move decrypted file
2023-08-23 19:29:29 Generate_waveforms: Could not generate waveform for track {8357ADB6-B579-4EA6-B4F9-2DA3EC5F7677}: Could not move decrypted file
2023-08-23 19:29:29 Generate_waveforms: Could not generate waveform for track {835A6BA1-BC0A-4F50-897B-B74206284CE5}: Could not move decrypted file
2023-08-23 19:29:35 Generate_waveforms: Could not generate waveform for track {83851EC0-35CB-4422-B705-C360A36979DC}: Could not move decrypted file
2023-08-23 19:29:42 Generate_waveforms: Could not generate waveform for track {83D3746B-B9FC-4E48-BB1A-2C262B435B8F}: Could not move decrypted file
2023-08-23 19:30:00 Generate_waveforms: Could not generate waveform for track {84721B9D-5859-44EA-8586-7B1CAB265FC1}: Could not move decrypted file
2023-08-23 19:30:02 Generate_waveforms: Could not generate waveform for track {84A7C780-DC28-4F9C-88AF-C4163D1E4388}: Could not move decrypted file
2023-08-23 19:30:11 Generate_waveforms: Could not generate waveform for track {84EBF363-4F1F-4FA9-9355-024AE1475271}: Could not move decrypted file
2023-08-23 19:31:00 Generate_waveforms: Could not generate waveform for track {86CFE5E5-0161-483C-9A29-CA0A0E2AB8BA}: Could not move decrypted file
2023-08-23 19:31:37 Generate_waveforms: Could not generate waveform for track {87956CDB-82B8-4C28-9D9A-EEA6A4C7BECC}: Could not move decrypted file
2023-08-23 19:32:32 Generate_waveforms: Could not generate waveform for track {89722B18-6871-4ED5-B857-5ABAA7FCFD2E}: Could not move decrypted file
2023-08-23 19:32:52 Generate_waveforms: Could not generate waveform for track {8A12699C-03EF-4B9F-B906-6009C0AB891C}: Could not move decrypted file
2023-08-23 19:33:04 Generate_waveforms: Could not generate waveform for track {8AA50CC2-4B45-4485-8D4F-30C92E96D868}: Could not move decrypted file
2023-08-23 19:33:17 Generate_waveforms: Could not generate waveform for track {8B4CE874-6ABC-48E4-A2BA-B50B7F08A411}: Could not move decrypted file
2023-08-23 19:33:33 Generate_waveforms: Could not generate waveform for track {8C4052D6-923F-46B4-B96B-B2574209F891}: Could not move decrypted file
2023-08-23 19:33:33 Generate_waveforms: Could not generate waveform for track {8C491138-3775-4851-ADB4-BEF590217E89}: Could not move decrypted file
2023-08-23 19:34:08 Generate_waveforms: Could not generate waveform for track {8DB18908-EDDA-4FCA-856C-4FEB65A7F057}: Could not move decrypted file
2023-08-23 19:34:46 Generate_waveforms: Could not generate waveform for track {8F4D4455-FC17-4299-B411-A1E8FC5B8D94}: Could not move decrypted file
2023-08-23 19:35:05 Generate_waveforms: Could not generate waveform for track {905814CA-E86A-462F-9325-691775ECA6AB}: Could not move decrypted file
2023-08-23 19:35:25 Generate_waveforms: Could not generate waveform for track {9134E3CF-9083-417A-8028-EFF0C8537504}: Could not move decrypted file
2023-08-23 19:35:25 Generate_waveforms: Could not generate waveform for track {91371AF0-9DC3-42D2-94EF-E17BE89540C5}: Could not move decrypted file
2023-08-23 19:35:40 Generate_waveforms: Could not generate waveform for track {91DAA8DA-0901-4F1E-8034-4C1B8590B88F}: Could not move decrypted file
2023-08-23 19:36:45 Generate_waveforms: Could not generate waveform for track {94280B36-E386-4927-966D-43A7B6C65872}: Could not move decrypted file
2023-08-23 19:36:53 Generate_waveforms: Could not generate waveform for track {945D6D29-EAE6-469C-92DE-A03BC80FC259}: Could not move decrypted file
2023-08-23 19:38:45 Generate_waveforms: Could not generate waveform for track {993AA0DF-338F-4A56-80D6-0253689FD575}: Could not move decrypted file
2023-08-23 19:38:48 Generate_waveforms: Could not generate waveform for track {9957BAAF-CC18-428B-85E5-13C85AA8D202}: Could not move decrypted file
2023-08-23 19:38:53 Generate_waveforms: Could not generate waveform for track {998A1158-67AE-41FA-8604-A020893EC43A}: Could not move decrypted file
2023-08-23 19:38:57 Generate_waveforms: Could not generate waveform for track {99BFDB84-F45A-498A-851A-C54F59C43BAA}: Could not move decrypted file
2023-08-23 19:39:28 Generate_waveforms: Could not generate waveform for track {9B047F8A-A78A-4452-96C3-57332A0286DA}: Could not move decrypted file
2023-08-23 19:40:00 Generate_waveforms: Could not generate waveform for track {9C89046E-CAE8-4B46-AAF7-1AAEEB3C8CDE}: Could not move decrypted file
2023-08-23 19:40:22 Generate_waveforms: Could not generate waveform for track {9CD3650D-A16F-455D-B57A-815523A8A03E}: Could not move decrypted file
2023-08-23 19:40:40 Generate_waveforms: Could not generate waveform for track {9D29F8A4-27A5-433B-8880-819A88CBC85B}: Could not move decrypted file
2023-08-23 19:40:51 Generate_waveforms: Could not generate waveform for track {9D76F37F-B7C1-4F3B-A244-B08DD079B1CE}: Could not move decrypted file
2023-08-23 19:41:50 Generate_waveforms: Could not generate waveform for track {9F971793-561B-4E86-9824-F34644C4E452}: Could not move decrypted file
2023-08-23 19:42:18 Generate_waveforms: Could not generate waveform for track {A0C087A3-9B02-459B-93A3-6758C7F05612}: Could not move decrypted file
2023-08-23 19:42:24 Generate_waveforms: Could not generate waveform for track {A0D669F2-DAE0-4188-93C2-1F1EBD6D5202}: Could not move decrypted file
2023-08-23 19:42:24 Generate_waveforms: Could not generate waveform for track {A0DA1E49-4FD4-4E5D-A9D9-25DAC06688C3}: Could not move decrypted file
2023-08-23 19:42:31 Generate_waveforms: Could not generate waveform for track {A139A2DB-DB5E-4BEF-A607-F57B17737B52}: Could not move decrypted file
2023-08-23 19:43:14 Generate_waveforms: Could not generate waveform for track {A2FC99D3-44A1-4A5E-B7DE-A03D108D05A9}: Could not move decrypted file
2023-08-23 19:43:41 Generate_waveforms: Could not generate waveform for track {A3D2AE2C-D8B7-4552-82BF-EE70CEF56262}: Could not move decrypted file
2023-08-23 19:44:14 Generate_waveforms: Could not generate waveform for track {A526E443-6171-43E3-BE8D-1C87B7EDFD40}: Could not move decrypted file
2023-08-23 19:44:38 Generate_waveforms: Could not generate waveform for track {A5E9955D-7A34-4EDB-B909-DB5B3302CEE2}: Could not move decrypted file
2023-08-23 19:44:49 Generate_waveforms: Could not generate waveform for track {A68C64BC-3717-4F62-8B8B-54963E6C9E04}: Could not move decrypted file
2023-08-23 19:45:20 Generate_waveforms: Could not generate waveform for track {A78691E6-7B76-442D-961F-7371EB6DBA73}: Could not move decrypted file
2023-08-23 19:45:30 Generate_waveforms: Could not generate waveform for track {A7F149B5-E4D5-4054-AC89-718E0317B4AD}: Could not move decrypted file
2023-08-23 19:45:36 Generate_waveforms: Could not generate waveform for track {A839B0C5-525C-4421-B2C8-2653F90AFC2A}: Could not move decrypted file
2023-08-23 19:46:39 Generate_waveforms: Could not generate waveform for track {AB3A82BD-4257-4D0D-A865-7F30268F74C4}: Could not move decrypted file
2023-08-23 19:48:28 Generate_waveforms: Could not generate waveform for track {AF4C622B-1395-40D9-B7B1-5E16D4458E49}: Could not move decrypted file
2023-08-23 19:48:32 Generate_waveforms: Could not generate waveform for track {AF7A89FC-B2DC-4326-8DBB-08662AA84B2C}: Could not move decrypted file
2023-08-23 19:48:36 Generate_waveforms: Could not generate waveform for track {AFCB8F07-6DF8-4140-B699-72EC580199C0}: Could not move decrypted file
2023-08-23 19:48:40 Generate_waveforms: Could not generate waveform for track {AFED6A9C-8FA8-4D7B-8BD8-9D0C1F0378C1}: Could not move decrypted file
2023-08-23 19:50:35 Generate_waveforms: Could not generate waveform for track {B3F1AAC7-1FB9-4ACE-B1C1-4F1A1A504A87}: Could not move decrypted file
2023-08-23 19:50:45 Generate_waveforms: Could not generate waveform for track {B4446CBE-F47D-4F7D-853B-00F3338FF81D}: Could not move decrypted file
2023-08-23 19:50:52 Generate_waveforms: Could not generate waveform for track {B4C85A55-3B48-4760-A6AF-0826EE0826C5}: Could not move decrypted file
2023-08-23 19:51:28 Generate_waveforms: Could not generate waveform for track {B6258DD6-4D3A-49F0-8F09-122CE80E60A7}: Could not move decrypted file
2023-08-23 19:51:42 Generate_waveforms: Could not generate waveform for track {B68A54B8-2AA6-4E0B-BF4B-75BB7B446B23}: Could not move decrypted file
2023-08-23 19:51:47 Generate_waveforms: Could not generate waveform for track {B6C771FD-B6DD-46B9-AADD-10D59181A4D8}: Could not move decrypted file
2023-08-23 19:51:56 Generate_waveforms: Could not generate waveform for track {B7527E62-3D2B-4D43-842E-8555C2B4A913}: Could not move decrypted file
2023-08-23 19:52:39 Generate_waveforms: Could not generate waveform for track {B84F1964-5C0C-48BE-8E63-0DD42CC67A1B}: Could not move decrypted file
2023-08-23 19:52:39 Generate_waveforms: Could not generate waveform for track {B84F4655-044C-4035-A3B6-942D87A1B0E8}: Could not move decrypted file
2023-08-23 19:52:57 Generate_waveforms: Could not generate waveform for track {B9160F90-2C89-4FF3-BD6F-01ADF2D44DFF}: Could not move decrypted file
2023-08-23 19:53:15 Generate_waveforms: Could not generate waveform for track {B97F78F3-F7A5-419B-B25D-BBEECDE83791}: Could not move decrypted file
2023-08-23 19:53:33 Generate_waveforms: Could not generate waveform for track {BA451351-8F40-44C6-B412-EA0590A02E9F}: Could not move decrypted file
2023-08-23 19:54:01 Generate_waveforms: Could not generate waveform for track {BB2FAA9F-C008-4D11-8DE6-B92F22588667}: Could not move decrypted file
2023-08-23 19:54:59 Generate_waveforms: Could not generate waveform for track {BD8E077C-C5E4-4B43-8AF3-3AC00D27C043}: Could not move decrypted file
2023-08-23 19:55:59 Generate_waveforms: Could not generate waveform for track {BF315059-DDA2-4D60-8FA8-6AB52E65399C}: Could not move decrypted file
2023-08-23 19:56:08 Generate_waveforms: Could not generate waveform for track {BFB03AEE-3906-4AF3-96BF-AEF128E074B9}: Could not move decrypted file
2023-08-23 19:56:20 Generate_waveforms: Could not generate waveform for track {C0294C3A-C665-4330-8232-39852F8F3FE0}: Could not move decrypted file
2023-08-23 19:56:20 Generate_waveforms: Could not generate waveform for track {C02EB53D-024D-497A-97D3-FF6FF85D32F2}: Could not move decrypted file
2023-08-23 19:58:18 Generate_waveforms: Could not generate waveform for track {C446B9AE-1E89-4D07-B40D-0D3CD52920AE}: Could not move decrypted file
2023-08-23 19:58:35 Generate_waveforms: Could not generate waveform for track {C4AFC5D2-C079-4F5E-8C26-5C73D6CA5EF4}: Could not move decrypted file
2023-08-23 19:58:52 Generate_waveforms: Could not generate waveform for track {C511DC0B-BF1E-4E9D-9A57-BC0094EE68CA}: Could not move decrypted file
2023-08-23 19:59:06 Generate_waveforms: Could not generate waveform for track {C5CE9173-BD17-4BF1-B619-69C47878E0BE}: Could not move decrypted file
2023-08-23 19:59:18 Generate_waveforms: Could not generate waveform for track {C64859A8-4CE4-4ED8-A14E-56654D44A70E}: Could not move decrypted file
2023-08-23 20:00:02 Generate_waveforms: Could not generate waveform for track {C78A6E48-51FC-4E15-BD84-3AF89953DC8D}: Could not move decrypted file
2023-08-23 20:00:05 Generate_waveforms: Could not generate waveform for track {C7C7B8DA-2135-420D-8645-A37C117E7109}: Could not move decrypted file
2023-08-23 20:01:03 Generate_waveforms: Could not generate waveform for track {C9CF16E4-5149-44B0-ADAD-F8C284F285BE}: Could not move decrypted file
2023-08-23 20:02:20 Generate_waveforms: Could not generate waveform for track {CC632F71-1BFE-444A-B9A9-69B4EF250257}: Could not move decrypted file
2023-08-23 20:02:40 Generate_waveforms: Could not generate waveform for track {CCF0EFD7-1A79-4E5E-9B0A-2BA2A925D091}: Could not move decrypted file
2023-08-23 20:03:09 Generate_waveforms: Could not generate waveform for track {CE3FA45F-FEE7-464F-9088-1CA1635D62E8}: Could not move decrypted file
2023-08-23 20:03:16 Generate_waveforms: Could not generate waveform for track {CEA91546-36A5-4C2B-8D74-54A6360C3FBA}: Could not move decrypted file
2023-08-23 20:03:29 Generate_waveforms: Could not generate waveform for track {CF217B35-5CA4-45F3-967F-FC133D58C4E6}: Could not move decrypted file
2023-08-23 20:04:17 Generate_waveforms: Could not generate waveform for track {D05A2979-EBC3-4E6E-B8D4-832EFA50E781}: Could not move decrypted file
2023-08-23 20:04:27 Generate_waveforms: Could not generate waveform for track {D0B3B85D-585E-4435-A703-9FD656DD3416}: Could not move decrypted file
2023-08-23 20:04:33 Generate_waveforms: Could not generate waveform for track {D1036A2C-C8D3-4581-B806-330DE359F428}: Could not move decrypted file
2023-08-23 20:05:03 Generate_waveforms: Could not generate waveform for track {D1D687E7-2476-4072-AD17-B1EEAD7CC44E}: Could not move decrypted file
2023-08-23 20:05:13 Generate_waveforms: Could not generate waveform for track {D22B8625-B213-43F5-A624-ACB395E88071}: Could not move decrypted file
2023-08-23 20:05:19 Generate_waveforms: Could not generate waveform for track {D25D0C77-53AB-46E2-B14F-8D4469E279E0}: Could not move decrypted file
2023-08-23 20:05:50 Generate_waveforms: Could not generate waveform for track {D3827424-3A10-4EAD-9B8B-9718EDF00482}: Could not move decrypted file
2023-08-23 20:05:56 Generate_waveforms: Could not generate waveform for track {D3CEFCBC-6AF9-47D1-A3FB-787023102240}: Could not move decrypted file
2023-08-23 20:06:55 Generate_waveforms: Could not generate waveform for track {D64A49CF-F587-4019-B7DC-2882D49C8039}: Could not move decrypted file
2023-08-23 20:06:59 Generate_waveforms: Could not generate waveform for track {D672F28B-A22E-47C8-9982-4A51F95E4D24}: Could not move decrypted file
2023-08-23 20:07:14 Generate_waveforms: Could not generate waveform for track {D6DE9368-614D-4943-A442-25F37A355DA5}: Could not move decrypted file
2023-08-23 20:07:25 Generate_waveforms: Could not generate waveform for track {D77ADFEF-7A18-42BD-9C0B-5C46884B9D47}: Could not move decrypted file
2023-08-23 20:07:47 Generate_waveforms: Could not generate waveform for track {D82AAA06-0B44-4C88-8776-CFEF0A4DAEDC}: Could not move decrypted file
2023-08-23 20:08:21 Generate_waveforms: Could not generate waveform for track {D9456D88-6959-4CB7-B054-29E70C40B47F}: Could not move decrypted file
2023-08-23 20:08:27 Generate_waveforms: Could not generate waveform for track {D975E62C-9945-4E15-A693-C1663A1CC4F1}: Could not move decrypted file
2023-08-23 20:08:53 Generate_waveforms: Could not generate waveform for track {DA08E6AD-CA05-4750-97A6-9EB553AA67BF}: Could not move decrypted file
2023-08-23 20:10:27 Generate_waveforms: Could not generate waveform for track {DC70DD8D-3A89-4DE4-86BC-5C4B3F3A477D}: Could not move decrypted file
2023-08-23 20:10:57 Generate_waveforms: Could not generate waveform for track {DDBD9504-445C-4436-86BA-030C0C9E1708}: Could not move decrypted file
2023-08-23 20:12:06 Generate_waveforms: Could not generate waveform for track {DF95D46D-8180-4F5A-ACAB-EDA921581C69}: Could not move decrypted file
2023-08-23 20:12:06 Generate_waveforms: Could not generate waveform for track {DF9AAED7-9DB2-4AD8-8304-F45E62B2EF43}: Could not move decrypted file
2023-08-23 20:12:51 Generate_waveforms: Could not generate waveform for track {E0F68A4B-9D01-4056-BEF9-074C16C6FF89}: Could not move decrypted file
2023-08-23 20:12:51 Generate_waveforms: Could not generate waveform for track {E106C95F-7AA2-4BEA-BE04-088FD8FCCE13}: Could not move decrypted file
2023-08-23 20:13:53 Generate_waveforms: Could not generate waveform for track {E3573F3C-7E48-4C25-9297-436B8864B9FF}: Could not move decrypted file
2023-08-23 20:14:09 Generate_waveforms: Could not generate waveform for track {E3FCEB85-D6B9-490A-A65C-DBA8123A431A}: Could not move decrypted file
2023-08-23 20:14:39 Generate_waveforms: Could not generate waveform for track {E55C9AAB-C8A7-47E2-A95F-98616EE1D748}: Could not move decrypted file
2023-08-23 20:14:52 Generate_waveforms: Could not generate waveform for track {E5EB9BBF-E13E-4FF8-ACB7-5489C677F8EB}: Could not move decrypted file
2023-08-23 20:15:25 Generate_waveforms: Could not generate waveform for track {E77382D9-C433-4451-9310-84028F76962F}: Could not move decrypted file
2023-08-23 20:15:44 Generate_waveforms: Could not generate waveform for track {E813AC8D-B9DD-48FA-8D9F-A2A8F47BCBD7}: Could not move decrypted file
2023-08-23 20:16:16 Generate_waveforms: Could not generate waveform for track {E971DD4E-36B1-4757-A4B0-0A0B3503053F}: Could not move decrypted file
2023-08-23 20:16:31 Generate_waveforms: Could not generate waveform for track {EA4A86A4-D32D-478A-A2D6-541D3BD7D713}: Could not move decrypted file
2023-08-23 20:16:44 Generate_waveforms: Could not generate waveform for track {EAC6FC26-3A9E-45ED-B566-9DC43682218C}: Could not move decrypted file
2023-08-23 20:16:51 Generate_waveforms: Could not generate waveform for track {EB071D7C-79B3-43A1-A749-AC5432B33E77}: Could not move decrypted file
2023-08-23 20:17:57 Generate_waveforms: Could not generate waveform for track {EE2866BC-72BD-49E3-8332-75CC2B674BF7}: Could not move decrypted file
2023-08-23 20:18:14 Generate_waveforms: Could not generate waveform for track {EEB3FF1C-DCEC-4142-89F2-D54BB42BCD5B}: Could not move decrypted file
2023-08-23 20:18:16 Generate_waveforms: Could not generate waveform for track {EEE67B04-BD19-465A-8E39-5DB1A6A92A65}: Could not move decrypted file
2023-08-23 20:18:22 Generate_waveforms: Could not generate waveform for track {EF5EEFA0-7915-49E2-A8FF-9385E08DEB88}: Could not move decrypted file
2023-08-23 20:18:51 Generate_waveforms: Could not generate waveform for track {F0ACCD89-63B5-48E7-ABCA-5FBE9767B871}: Could not move decrypted file
2023-08-23 20:19:06 Generate_waveforms: Could not generate waveform for track {F1378FC3-6E69-4B5C-97D6-6ED6FF195CB5}: Could not move decrypted file
2023-08-23 20:19:08 Generate_waveforms: Could not generate waveform for track {F1518D99-4A33-4817-87A3-B950A21D36C6}: Could not move decrypted file
2023-08-23 20:19:27 Generate_waveforms: Could not generate waveform for track {F244A97E-2231-4474-A464-B9ADD718441F}: Could not move decrypted file
2023-08-23 20:19:30 Generate_waveforms: Could not generate waveform for track {F26EB519-6813-494E-BCD3-2C08B18A96D7}: Could not move decrypted file
2023-08-23 20:19:40 Generate_waveforms: Could not generate waveform for track {F3A5902F-C48B-4604-A8FD-28058B364079}: Could not move decrypted file
2023-08-23 20:19:51 Generate_waveforms: Could not generate waveform for track {F4220EB5-E177-4ADB-8F5A-14A5DF6B191B}: Could not move decrypted file
2023-08-23 20:19:57 Generate_waveforms: Could not generate waveform for track {F442FF30-09ED-40E9-A02C-D02A7EDC3DB6}: Could not move decrypted file
2023-08-23 20:20:36 Generate_waveforms: Could not generate waveform for track {F5F30A81-5CA2-4B04-9211-CE21019C3A95}: Could not move decrypted file
2023-08-23 20:20:44 Generate_waveforms: Could not generate waveform for track {F656D8E8-F4A7-4DAF-83E9-003B33B1ADA1}: Could not move decrypted file
2023-08-23 20:21:40 Generate_waveforms: Could not generate waveform for track {F87C818D-F463-426F-B3DD-7B08F6398D18}: Could not move decrypted file
2023-08-23 20:21:51 Generate_waveforms: Could not generate waveform for track {F8D38908-1577-49C6-9652-2854B42340F3}: Could not move decrypted file
2023-08-23 20:21:51 Generate_waveforms: Could not generate waveform for track {F8E67AA2-F04F-4C37-9236-7F41D521A6E9}: Could not move decrypted file
2023-08-23 20:22:04 Generate_waveforms: Could not generate waveform for track {F94554BD-B28F-4B34-B912-A05FE04C250F}: Could not move decrypted file
2023-08-23 20:22:13 Generate_waveforms: Could not generate waveform for track {F9777D6B-3789-4D84-817E-794F7A137C67}: Could not move decrypted file
2023-08-23 20:22:13 Generate_waveforms: Could not generate waveform for track {F98C8FB0-37B9-4699-9732-D52FB683AC44}: Could not move decrypted file
2023-08-23 20:22:22 Generate_waveforms: Could not generate waveform for track {F9EB7E03-EB49-4DC7-8284-337678C835F6}: Could not move decrypted file
2023-08-23 20:23:19 Generate_waveforms: Could not generate waveform for track {FC720D5F-1478-469A-ABA7-5B1FBE99FEA3}: Could not move decrypted file
2023-08-23 20:24:06 Generate_waveforms: Could not generate waveform for track {FDE5B19B-664B-41F0-AFCF-2EF6F66AEDB2}: Could not move decrypted file
2023-08-23 20:24:07 Generate_waveforms: Could not generate waveform for track {FE12DEFF-7592-42CD-8550-DCFDA58C87A6}: Could not move decrypted file
2023-08-23 20:24:32 Generate_waveforms: Could not generate waveform for track {FEFC5005-F1F1-4008-B716-511A76077C87}: Could not move decrypted file
2023-08-23 20:24:32 Generate_waveforms: Could not generate waveform for track {FF139CE9-35A5-4076-BD5E-3D6031A8DB45}: Could not move decrypted file
2023-08-23 20:24:32 Generate_waveforms: Could not generate waveform for track {FF20488D-D6B4-4848-A10B-27C64699FA0F}: Could not move decrypted file
2023-08-24 22:45:20 Generate_waveforms: Could not generate waveform for track {0060824F-10D3-4518-99A1-F07B56E2B198}: Could not move decrypted file
2023-08-24 22:45:50 Generate_waveforms: Could not generate waveform for track {0183C2A9-9012-4556-921C-59A7FF148E36}: Could not move decrypted file
2023-08-24 22:46:20 Generate_waveforms: Could not generate waveform for track {022B1F08-F877-4A9B-990D-5C681A5F9177}: Could not move decrypted file
2023-08-24 22:46:47 Generate_waveforms: Could not generate waveform for track {02B76A5E-2C99-43E4-9E63-9CE06E57C283}: Could not move decrypted file
2023-08-24 22:47:17 Generate_waveforms: Could not generate waveform for track {062E577F-97FC-4DDA-BD1E-290274792ED8}: Could not move decrypted file
2023-08-24 22:47:47 Generate_waveforms: Could not generate waveform for track {06407CFB-1EB0-4EE5-9F92-6B65A40A35C9}: Could not move decrypted file
2023-08-24 22:48:17 Generate_waveforms: Could not generate waveform for track {08D6ACA0-748A-4E0A-8301-616C024604D7}: Could not move decrypted file
2023-08-24 22:48:47 Generate_waveforms: Could not generate waveform for track {0958E77C-7C37-4835-8A2F-04177D0A42D7}: Could not move decrypted file
2023-08-24 22:48:54 Generate_waveforms: Could not generate waveform for track {095CDAB6-7B59-476B-9063-5EED92E458A7}: Could not move decrypted file
2023-08-24 22:49:24 Generate_waveforms: Could not generate waveform for track {0A8F6DEE-551B-4BBF-92AA-D4E126EB4768}: Could not move decrypted file
2023-08-24 22:49:54 Generate_waveforms: Could not generate waveform for track {0B42E182-60C4-4554-9CB3-5911B7E55FAF}: Could not move decrypted file
2023-08-24 22:50:24 Generate_waveforms: Could not generate waveform for track {0CC2ED71-AE15-4423-9683-584CA783701F}: Could not move decrypted file
2023-08-24 22:50:54 Generate_waveforms: Could not generate waveform for track {0D9A441D-131D-4307-9E99-441A674693D9}: Could not move decrypted file
2023-08-24 22:51:00 Generate_waveforms: Could not generate waveform for track {0E4F7616-C0B2-47EF-AFC1-03E232A0BB3A}: Could not move decrypted file
2023-08-24 22:51:30 Generate_waveforms: Could not generate waveform for track {10A3DAEA-2906-4AE7-A335-45F9FD7FA989}: Could not move decrypted file
2023-08-24 22:52:00 Generate_waveforms: Could not generate waveform for track {10DA17FE-26B2-474C-9CF0-6C9B40BA6EDE}: Could not move decrypted file
2023-08-24 22:52:30 Generate_waveforms: Could not generate waveform for track {11467678-645C-4C21-AB4E-310951668C27}: Could not move decrypted file
2023-08-24 22:52:59 Generate_waveforms: Could not generate waveform for track {11577738-3EFB-4412-BE56-D790751F154C}: Could not move decrypted file
2023-08-24 22:53:29 Generate_waveforms: Could not generate waveform for track {13030DB5-DC8A-4C43-82BF-6DF07B4D12F2}: Could not move decrypted file
2023-08-24 22:53:59 Generate_waveforms: Could not generate waveform for track {151FD98B-5D6C-4E84-BE7D-ABC082626807}: Could not move decrypted file
2023-08-24 22:54:29 Generate_waveforms: Could not generate waveform for track {15B83D53-80F3-4FF8-BA5B-DCF0953F4DBA}: Could not move decrypted file
2023-08-24 22:55:00 Generate_waveforms: Could not generate waveform for track {1625A942-CBFE-4909-A355-B124772829DF}: Could not move decrypted file
2023-08-24 22:55:05 Generate_waveforms: Could not generate waveform for track {16BE54A5-9AED-473F-A660-5551520C074F}: Could not move decrypted file
2023-08-24 22:55:35 Generate_waveforms: Could not generate waveform for track {1786A5AA-4FE5-437E-B567-E3B482C4F2D7}: Could not move decrypted file
2023-08-24 22:56:05 Generate_waveforms: Could not generate waveform for track {17C53567-5A17-4297-9431-5C3437617ADA}: Could not move decrypted file
2023-08-24 22:56:35 Generate_waveforms: Could not generate waveform for track {199719C9-3DBB-41AE-BAC2-1F26E5B2ADB6}: Could not move decrypted file
2023-08-24 22:57:06 Generate_waveforms: Could not generate waveform for track {19B90A2F-E133-4C3D-9688-BAFAFCB05902}: Could not move decrypted file
2023-08-24 22:57:11 Generate_waveforms: Could not generate waveform for track {1A0F4EF7-757C-4821-9CD5-59325A6F52EC}: Could not move decrypted file
2023-08-24 22:57:42 Generate_waveforms: Could not generate waveform for track {1A6B93A8-F5E2-4C26-B039-804A6CC8F891}: Could not move decrypted file
2023-08-24 22:58:12 Generate_waveforms: Could not generate waveform for track {1A8A4EA8-F8F4-4254-B4BD-CC78578F0F3A}: Could not move decrypted file
2023-08-24 22:58:42 Generate_waveforms: Could not generate waveform for track {1ABF90F9-BE1B-40C3-985E-94A1B44F910D}: Could not move decrypted file
2023-08-24 22:59:12 Generate_waveforms: Could not generate waveform for track {1AD313FA-A003-421C-BAAE-1747AD364F04}: Could not move decrypted file
2023-08-24 22:59:17 Generate_waveforms: Could not generate waveform for track {1B0CD50E-0B60-4A69-99EB-06C2A397DD80}: Could not move decrypted file
2023-08-24 22:59:47 Generate_waveforms: Could not generate waveform for track {1B34F3BE-F4B2-436A-8930-01A5362FA662}: Could not move decrypted file
2023-08-24 23:00:17 Generate_waveforms: Could not generate waveform for track {1B547DAA-14DD-4222-937E-7783D5CEC48D}: Could not move decrypted file
2023-08-24 23:00:48 Generate_waveforms: Could not generate waveform for track {1D08BB0B-452C-4A6C-89C5-F15A0E295589}: Could not move decrypted file
2023-08-24 23:01:18 Generate_waveforms: Could not generate waveform for track {1D16467F-1803-4127-9EBC-DE96946EA5C9}: Could not move decrypted file
2023-08-24 23:01:26 Generate_waveforms: Could not generate waveform for track {1D1D22B0-61E8-46E7-8530-782F5927B683}: Could not move decrypted file
2023-08-24 23:01:56 Generate_waveforms: Could not generate waveform for track {1EB2E16A-F636-468A-BDAA-DF119CAE1A45}: Could not move decrypted file
2023-08-24 23:02:26 Generate_waveforms: Could not generate waveform for track {1F5B2F3A-433D-426C-A245-986D3AD94A25}: Could not move decrypted file
2023-08-24 23:02:56 Generate_waveforms: Could not generate waveform for track {21763FA4-5711-4D73-9D0A-E900D2264287}: Could not move decrypted file
2023-08-24 23:03:26 Generate_waveforms: Could not generate waveform for track {21F5BECC-E4D7-46CC-84A4-8F7504899A31}: Could not move decrypted file
2023-08-24 23:03:28 Generate_waveforms: Could not generate waveform for track {22248F62-FC6E-4D9A-AD17-9BDE0226E3A1}: Could not move decrypted file
2023-08-24 23:03:58 Generate_waveforms: Could not generate waveform for track {228BC6EC-0D43-482E-BE1B-FF80DEA73A9B}: Could not move decrypted file
2023-08-24 23:04:28 Generate_waveforms: Could not generate waveform for track {228E21D5-7C9F-4861-9EF2-48FB4F4E103A}: Could not move decrypted file
2023-08-24 23:04:58 Generate_waveforms: Could not generate waveform for track {230DE6F6-2C62-4D43-AD7F-D1E50FDE1A4A}: Could not move decrypted file
2023-08-24 23:05:28 Generate_waveforms: Could not generate waveform for track {2444CD2A-3B70-4860-BD87-549EA38DE5D6}: Could not move decrypted file
2023-08-24 23:05:51 Generate_waveforms: Could not generate waveform for track {252F382C-C836-4AFF-8D8A-402A44DE0851}: Could not move decrypted file
2023-08-24 23:06:21 Generate_waveforms: Could not generate waveform for track {25A309C1-EA9D-435A-96CF-00C12029FCB0}: Could not move decrypted file
2023-08-24 23:06:51 Generate_waveforms: Could not generate waveform for track {25AFF663-A395-4B0E-869D-C9AFDC22FE50}: Could not move decrypted file
2023-08-24 23:07:21 Generate_waveforms: Could not generate waveform for track {28686BDD-7925-46D4-A92C-02F8CE68A917}: Could not move decrypted file
2023-08-24 23:07:51 Generate_waveforms: Could not generate waveform for track {28753A71-9208-4723-A535-92C5F2499EFE}: Could not move decrypted file
2023-08-24 23:07:52 Generate_waveforms: Could not generate waveform for track {28A46A21-636D-4422-90CF-B59599D339FA}: Could not move decrypted file
2023-08-24 23:08:22 Generate_waveforms: Could not generate waveform for track {2940A3F6-B2AE-4CCF-B202-7C6D91BF49F5}: Could not move decrypted file
2023-08-24 23:08:53 Generate_waveforms: Could not generate waveform for track {2AAB9702-1928-4EAC-B26B-05365BD8AFBC}: Could not move decrypted file
2023-08-24 23:09:23 Generate_waveforms: Could not generate waveform for track {2CF8DBFF-2DBB-4FC2-B838-33D433969F0B}: Could not move decrypted file
2023-08-24 23:09:53 Generate_waveforms: Could not generate waveform for track {324CED08-043D-4518-AFA8-5F3330C9E5EC}: Could not move decrypted file
2023-08-24 23:10:01 Generate_waveforms: Could not generate waveform for track {33DFA5F3-8BF0-4952-BFD7-5672CC4E8867}: Could not move decrypted file
2023-08-24 23:10:31 Generate_waveforms: Could not generate waveform for track {34A0AF7E-EC10-4C5E-9434-05EA9CF8CCF7}: Could not move decrypted file
2023-08-24 23:11:01 Generate_waveforms: Could not generate waveform for track {355DDFDA-51EE-4CAD-A5F4-A09D69B9BE41}: Could not move decrypted file
2023-08-24 23:11:31 Generate_waveforms: Could not generate waveform for track {3576B4AD-9C3B-4EDB-8110-FE71C7104E9A}: Could not move decrypted file
2023-08-24 23:12:01 Generate_waveforms: Could not generate waveform for track {3802DA61-9A14-43F1-BAEB-DDFA52F72488}: Could not move decrypted file
2023-08-24 23:12:09 Generate_waveforms: Could not generate waveform for track {3A009BE1-8C49-40B1-903A-2FFAF4B7F2B9}: Could not move decrypted file
2023-08-24 23:12:40 Generate_waveforms: Could not generate waveform for track {3A7129A1-B913-4457-A033-C02E91CC50A5}: Could not move decrypted file
2023-08-24 23:13:10 Generate_waveforms: Could not generate waveform for track {3B3C01BD-C792-4F85-A477-9439D7378542}: Could not move decrypted file
2023-08-24 23:13:40 Generate_waveforms: Could not generate waveform for track {3D079A32-D563-4779-8D32-CD71FD9B4081}: Could not move decrypted file
2023-08-24 23:14:10 Generate_waveforms: Could not generate waveform for track {3E8648C7-2A97-4FE8-8F42-FB6565C4CE73}: Could not move decrypted file
2023-08-24 23:14:18 Generate_waveforms: Could not generate waveform for track {3FFE92AB-1331-4FF8-BD5F-B7319B935C4C}: Could not move decrypted file
2023-08-24 23:14:48 Generate_waveforms: Could not generate waveform for track {41FAC26B-AE59-4440-BD64-A6B6E4A84FF9}: Could not move decrypted file
2023-08-24 23:15:18 Generate_waveforms: Could not generate waveform for track {430F7BC9-9B84-4000-83A5-067E842D4B04}: Could not move decrypted file
2023-08-24 23:15:48 Generate_waveforms: Could not generate waveform for track {43CFB9A7-CDA7-4573-98FC-DA5F1A39850A}: Could not move decrypted file
2023-08-24 23:16:18 Generate_waveforms: Could not generate waveform for track {4431C715-C294-4475-90E6-316E4B2ECE19}: Could not move decrypted file
2023-08-24 23:16:27 Generate_waveforms: Could not generate waveform for track {44A8E3B6-E776-4444-AB62-A44B8E3133D2}: Could not move decrypted file
2023-08-24 23:16:57 Generate_waveforms: Could not generate waveform for track {459B349A-8F74-4BFE-B6EB-E8E39696EF68}: Could not move decrypted file
2023-08-24 23:17:27 Generate_waveforms: Could not generate waveform for track {4618DE18-582A-4D82-89FB-043BE88200B9}: Could not move decrypted file
2023-08-24 23:17:57 Generate_waveforms: Could not generate waveform for track {462DCB3F-AF97-47A1-AC66-4BB3F85AAE17}: Could not move decrypted file
2023-08-24 23:18:27 Generate_waveforms: Could not generate waveform for track {47667184-3989-4EEC-8237-3DC36F68F200}: Could not move decrypted file
2023-08-24 23:18:35 Generate_waveforms: Could not generate waveform for track {4828BC4F-B9F4-4424-BE46-024CE003D501}: Could not move decrypted file
2023-08-24 23:19:05 Generate_waveforms: Could not generate waveform for track {48564158-DF1A-4C0C-8E3B-3195F68605DD}: Could not move decrypted file
2023-08-24 23:19:36 Generate_waveforms: Could not generate waveform for track {4A159DE1-5035-4E9C-8904-52F15B204818}: Could not move decrypted file
2023-08-24 23:20:06 Generate_waveforms: Could not generate waveform for track {4A40100C-AAC9-47DC-BD2B-4FE08615526B}: Could not move decrypted file
2023-08-24 23:20:36 Generate_waveforms: Could not generate waveform for track {4BB09A90-E444-4348-A73C-6B77C947C71C}: Could not move decrypted file
2023-08-24 23:20:38 Generate_waveforms: Could not generate waveform for track {4BD6B1E2-7291-4F91-8FFB-6843BFF64A08}: Could not move decrypted file
2023-08-24 23:21:08 Generate_waveforms: Could not generate waveform for track {4C137824-6904-464F-A6A3-6249919C25D9}: Could not move decrypted file
2023-08-24 23:21:38 Generate_waveforms: Could not generate waveform for track {4CF361B6-593C-4316-B017-00FCFE3EA7CC}: Could not move decrypted file
2023-08-24 23:22:08 Generate_waveforms: Could not generate waveform for track {4D054CA1-BBAD-4D58-A480-06171BC8BF4E}: Could not move decrypted file
2023-08-24 23:22:38 Generate_waveforms: Could not generate waveform for track {4E5C946B-760A-4B85-B57F-5BE7D9A58A01}: Could not move decrypted file
2023-08-24 23:22:44 Generate_waveforms: Could not generate waveform for track {4F1A1C98-4B9A-4959-9E71-5CFCEB202682}: Could not move decrypted file
2023-08-24 23:23:14 Generate_waveforms: Could not generate waveform for track {4F1E7F93-0610-42F2-8F2D-51719B2907ED}: Could not move decrypted file
2023-08-24 23:23:44 Generate_waveforms: Could not generate waveform for track {4F5CBFE1-14CE-42D1-8353-17C914F6496D}: Could not move decrypted file
2023-08-24 23:24:14 Generate_waveforms: Could not generate waveform for track {4F9BF3F4-DDE6-47C6-8D27-D8AED8597FEC}: Could not move decrypted file
2023-08-24 23:24:44 Generate_waveforms: Could not generate waveform for track {5003E9F4-9298-4408-B41A-E0242CD8ADE7}: Could not move decrypted file
2023-08-24 23:24:53 Generate_waveforms: Could not generate waveform for track {523EA037-348E-436A-B7E3-42AFA2BB3120}: Could not move decrypted file
2023-08-24 23:25:23 Generate_waveforms: Could not generate waveform for track {526C4C53-81B1-456F-9417-D225ADF062DB}: Could not move decrypted file
2023-08-24 23:25:53 Generate_waveforms: Could not generate waveform for track {53149BFD-327C-4E9D-9F85-CFC2B22503DB}: Could not move decrypted file
2023-08-24 23:26:23 Generate_waveforms: Could not generate waveform for track {539AC4E4-73F4-48AC-A804-2591D809959C}: Could not move decrypted file
2023-08-24 23:26:53 Generate_waveforms: Could not generate waveform for track {55F7D0FF-2E67-4387-AD8E-04D50F06A0DE}: Could not move decrypted file
2023-08-24 23:26:57 Generate_waveforms: Could not generate waveform for track {560FB87C-8F40-4006-B61E-2D1C96CA84E4}: Could not move decrypted file
2023-08-24 23:27:27 Generate_waveforms: Could not generate waveform for track {563D7537-9152-455D-B36E-71AE417CC4BE}: Could not move decrypted file
2023-08-24 23:27:57 Generate_waveforms: Could not generate waveform for track {56678DFA-2E4B-49EF-A24D-57DF1B9D6433}: Could not move decrypted file
2023-08-24 23:28:28 Generate_waveforms: Could not generate waveform for track {5713D5F4-E926-415A-A5FD-E0F8BBEB2A6A}: Could not move decrypted file
2023-08-24 23:28:55 Generate_waveforms: Could not generate waveform for track {57AD3027-5727-479E-98DA-6B8390FAB718}: Could not move decrypted file
2023-08-24 23:29:25 Generate_waveforms: Could not generate waveform for track {57CF493F-853F-4345-8E17-FF6EB2DA7916}: Could not move decrypted file
2023-08-24 23:29:55 Generate_waveforms: Could not generate waveform for track {5904D4EA-2C8E-4C16-9186-EC178AF20484}: Could not move decrypted file
2023-08-24 23:30:25 Generate_waveforms: Could not generate waveform for track {5BD35454-77A6-4028-B50B-68BCFF8B12A3}: Could not move decrypted file
2023-08-24 23:30:53 Generate_waveforms: Could not generate waveform for track {5C8E29EF-41AB-4CCC-8F84-82F36776B422}: Could not move decrypted file
2023-08-24 23:31:23 Generate_waveforms: Could not generate waveform for track {5CAE1513-7516-4FCC-929B-A4B6ED822B75}: Could not move decrypted file
2023-08-24 23:31:53 Generate_waveforms: Could not generate waveform for track {5DB0DAD0-9BEF-4FEC-892C-B5C4ECFB9D6A}: Could not move decrypted file
2023-08-24 23:32:23 Generate_waveforms: Could not generate waveform for track {5EB15192-068F-4171-B31E-A9FD2F435890}: Could not move decrypted file
2023-08-24 23:32:53 Generate_waveforms: Could not generate waveform for track {5F0668B8-0C3E-4CE0-B069-6DD2DEF86A66}: Could not move decrypted file
2023-08-24 23:32:55 Generate_waveforms: Could not generate waveform for track {61731770-7AF3-4728-9003-2722DBBC577B}: Could not move decrypted file
2023-08-24 23:33:25 Generate_waveforms: Could not generate waveform for track {6201F2A5-967C-478F-AF52-3E13532479BA}: Could not move decrypted file
2023-08-24 23:33:55 Generate_waveforms: Could not generate waveform for track {620BBF19-A2E9-452B-8ADC-981793BA165A}: Could not move decrypted file
2023-08-24 23:34:25 Generate_waveforms: Could not generate waveform for track {62300FAD-413A-4509-A8B4-F72FE80EAA4A}: Could not move decrypted file
2023-08-24 23:34:55 Generate_waveforms: Could not generate waveform for track {62A77F78-2141-4FC6-8AFE-201CDC6C4C38}: Could not move decrypted file
2023-08-24 23:35:04 Generate_waveforms: Could not generate waveform for track {62C29E8C-CEFE-4912-BEEB-10432F0B5D5E}: Could not move decrypted file
2023-08-24 23:35:34 Generate_waveforms: Could not generate waveform for track {62DDAC1E-06C1-4B14-AAD6-4E80F576321D}: Could not move decrypted file
2023-08-24 23:36:04 Generate_waveforms: Could not generate waveform for track {635BA60F-61BD-4263-96F3-8EBD3AF5BF88}: Could not move decrypted file
2023-08-24 23:36:34 Generate_waveforms: Could not generate waveform for track {63664800-8CF9-445E-9CC2-DB9F8BB2E19B}: Could not move decrypted file
2023-08-24 23:37:04 Generate_waveforms: Could not generate waveform for track {66016ACC-D0CA-446E-ACD5-2A1BAB21DA6B}: Could not move decrypted file
2023-08-24 23:37:13 Generate_waveforms: Could not generate waveform for track {666BAD28-0AE2-43E0-8B57-A2C23196964B}: Could not move decrypted file
2023-08-24 23:37:43 Generate_waveforms: Could not generate waveform for track {66FC528F-AA1C-4F14-9861-E558D42E8265}: Could not move decrypted file
2023-08-24 23:38:13 Generate_waveforms: Could not generate waveform for track {673A8394-0ED4-4FDF-8035-DDE95960133C}: Could not move decrypted file
2023-08-24 23:38:43 Generate_waveforms: Could not generate waveform for track {678DC9BE-A3F1-4D41-A1D9-2B53DC1C7ACC}: Could not move decrypted file
2023-08-24 23:39:13 Generate_waveforms: Could not generate waveform for track {68C60966-4ECF-40A9-8D65-1ADF33BC6105}: Could not move decrypted file
2023-08-24 23:39:14 Generate_waveforms: Could not generate waveform for track {68CB1BD9-FCDD-4E06-8B52-D80B9D93D11D}: Could not move decrypted file
2023-08-24 23:39:45 Generate_waveforms: Could not generate waveform for track {696F6FFC-CDDC-42D4-B180-D938B31F8804}: Could not move decrypted file
2023-08-24 23:40:15 Generate_waveforms: Could not generate waveform for track {6CB82E34-3026-46F8-AA37-E5C18EFB76B7}: Could not move decrypted file
2023-08-24 23:40:45 Generate_waveforms: Could not generate waveform for track {6CC9621C-9708-48D3-A7A8-CDF4BAB1A6EF}: Could not move decrypted file
2023-08-24 23:41:15 Generate_waveforms: Could not generate waveform for track {6D8BF12B-C376-4F16-A09B-10FE2109227A}: Could not move decrypted file
2023-08-24 23:41:23 Generate_waveforms: Could not generate waveform for track {6E476199-667C-45CB-AA53-E437D2ABC4AF}: Could not move decrypted file
2023-08-24 23:41:53 Generate_waveforms: Could not generate waveform for track {6F1B6515-30AB-46FB-AD8A-D448985065BB}: Could not move decrypted file
2023-08-24 23:42:23 Generate_waveforms: Could not generate waveform for track {72039C76-C31B-4816-9EF5-E4CB5B64E91B}: Could not move decrypted file
2023-08-24 23:42:53 Generate_waveforms: Could not generate waveform for track {72AD72AB-0072-45F4-AB7D-0EBFC0E93B25}: Could not move decrypted file
2023-08-24 23:43:23 Generate_waveforms: Could not generate waveform for track {7354013F-6460-4842-AE7B-38070252BE2C}: Could not move decrypted file
2023-08-24 23:43:32 Generate_waveforms: Could not generate waveform for track {73717D62-48A2-4E30-95C7-4A5711F1153E}: Could not move decrypted file
2023-08-24 23:44:02 Generate_waveforms: Could not generate waveform for track {755B7184-C962-4B9D-8896-FDFA71910AA5}: Could not move decrypted file
2023-08-24 23:44:32 Generate_waveforms: Could not generate waveform for track {782085BF-B4AD-43F9-8C4E-0A55357E25F8}: Could not move decrypted file
2023-08-24 23:45:02 Generate_waveforms: Could not generate waveform for track {784F0A67-C065-48E6-B74B-6AAD2D15C2EC}: Could not move decrypted file
2023-08-24 23:45:32 Generate_waveforms: Could not generate waveform for track {79448064-1D60-467C-B857-F2E472920B60}: Could not move decrypted file
2023-08-24 23:45:41 Generate_waveforms: Could not generate waveform for track {79D31324-6D67-4511-8FBD-C9177E7AC226}: Could not move decrypted file
2023-08-24 23:46:11 Generate_waveforms: Could not generate waveform for track {7AC1C223-0592-474E-AD3D-965EA29619E7}: Could not move decrypted file
2023-08-24 23:46:41 Generate_waveforms: Could not generate waveform for track {7B0C6B31-86D9-4A26-A8CB-148F6669B2DE}: Could not move decrypted file
2023-08-24 23:47:11 Generate_waveforms: Could not generate waveform for track {7C0F5280-7F98-4535-A362-FE7409782389}: Could not move decrypted file
2023-08-24 23:47:41 Generate_waveforms: Could not generate waveform for track {7C88E555-D011-4CD1-B5B3-09BE248E4CC7}: Could not move decrypted file
2023-08-24 23:47:50 Generate_waveforms: Could not generate waveform for track {7D5D500C-00F3-4DC3-9A33-70C8262ABF56}: Could not move decrypted file
2023-08-24 23:48:20 Generate_waveforms: Could not generate waveform for track {7EA4C986-63BC-4FEF-AA3A-0799411C5D74}: Could not move decrypted file
2023-08-24 23:48:50 Generate_waveforms: Could not generate waveform for track {7EF1124A-477C-447F-8543-C14FED67BBE1}: Could not move decrypted file
2023-08-24 23:49:20 Generate_waveforms: Could not generate waveform for track {7F0750B3-2BB9-4468-831E-70CEB86CBBD7}: Could not move decrypted file
2023-08-24 23:49:50 Generate_waveforms: Could not generate waveform for track {80DB4711-22A0-4031-907C-FA149C80A616}: Could not move decrypted file
2023-08-24 23:49:59 Generate_waveforms: Could not generate waveform for track {81690767-FF5F-4738-A0DF-0AB6A206FA28}: Could not move decrypted file
2023-08-24 23:50:29 Generate_waveforms: Could not generate waveform for track {81A1A7A6-6EAA-4B11-AF05-3BCA0FC0925A}: Could not move decrypted file
2023-08-24 23:50:59 Generate_waveforms: Could not generate waveform for track {833338B5-5D55-49D9-BE1C-F0135CFA2ECD}: Could not move decrypted file
2023-08-24 23:51:29 Generate_waveforms: Could not generate waveform for track {8357ADB6-B579-4EA6-B4F9-2DA3EC5F7677}: Could not move decrypted file
2023-08-24 23:51:59 Generate_waveforms: Could not generate waveform for track {835A6BA1-BC0A-4F50-897B-B74206284CE5}: Could not move decrypted file
2023-08-24 23:52:08 Generate_waveforms: Could not generate waveform for track {83851EC0-35CB-4422-B705-C360A36979DC}: Could not move decrypted file
2023-08-24 23:52:38 Generate_waveforms: Could not generate waveform for track {83D3746B-B9FC-4E48-BB1A-2C262B435B8F}: Could not move decrypted file
2023-08-24 23:53:08 Generate_waveforms: Could not generate waveform for track {84721B9D-5859-44EA-8586-7B1CAB265FC1}: Could not move decrypted file
2023-08-24 23:53:38 Generate_waveforms: Could not generate waveform for track {84A7C780-DC28-4F9C-88AF-C4163D1E4388}: Could not move decrypted file
2023-08-24 23:54:08 Generate_waveforms: Could not generate waveform for track {84EBF363-4F1F-4FA9-9355-024AE1475271}: Could not move decrypted file
2023-08-24 23:54:17 Generate_waveforms: Could not generate waveform for track {86CFE5E5-0161-483C-9A29-CA0A0E2AB8BA}: Could not move decrypted file
2023-08-24 23:54:47 Generate_waveforms: Could not generate waveform for track {87956CDB-82B8-4C28-9D9A-EEA6A4C7BECC}: Could not move decrypted file
2023-08-24 23:55:17 Generate_waveforms: Could not generate waveform for track {89722B18-6871-4ED5-B857-5ABAA7FCFD2E}: Could not move decrypted file
2023-08-24 23:55:47 Generate_waveforms: Could not generate waveform for track {8A12699C-03EF-4B9F-B906-6009C0AB891C}: Could not move decrypted file
2023-08-24 23:56:17 Generate_waveforms: Could not generate waveform for track {8AA50CC2-4B45-4485-8D4F-30C92E96D868}: Could not move decrypted file
2023-08-24 23:56:17 Generate_waveforms: Could not generate waveform for track {8B4CE874-6ABC-48E4-A2BA-B50B7F08A411}: Could not move decrypted file
2023-08-24 23:56:47 Generate_waveforms: Could not generate waveform for track {8C4052D6-923F-46B4-B96B-B2574209F891}: Could not move decrypted file
2023-08-24 23:57:17 Generate_waveforms: Could not generate waveform for track {8C491138-3775-4851-ADB4-BEF590217E89}: Could not move decrypted file
2023-08-24 23:57:48 Generate_waveforms: Could not generate waveform for track {8DB18908-EDDA-4FCA-856C-4FEB65A7F057}: Could not move decrypted file
2023-08-24 23:58:18 Generate_waveforms: Could not generate waveform for track {8F4D4455-FC17-4299-B411-A1E8FC5B8D94}: Could not move decrypted file
2023-08-24 23:58:29 Generate_waveforms: Could not generate waveform for track {905814CA-E86A-462F-9325-691775ECA6AB}: Could not move decrypted file
2023-08-24 23:58:59 Generate_waveforms: Could not generate waveform for track {9134E3CF-9083-417A-8028-EFF0C8537504}: Could not move decrypted file
2023-08-24 23:59:29 Generate_waveforms: Could not generate waveform for track {91371AF0-9DC3-42D2-94EF-E17BE89540C5}: Could not move decrypted file
2023-08-24 23:59:59 Generate_waveforms: Could not generate waveform for track {91DAA8DA-0901-4F1E-8034-4C1B8590B88F}: Could not move decrypted file
2023-08-25 00:00:29 Generate_waveforms: Could not generate waveform for track {94280B36-E386-4927-966D-43A7B6C65872}: Could not move decrypted file
2023-08-25 00:00:46 Generate_waveforms: Could not generate waveform for track {945D6D29-EAE6-469C-92DE-A03BC80FC259}: Could not move decrypted file
2023-08-25 00:01:09 Generate_waveforms: Could not generate waveform for track {993AA0DF-338F-4A56-80D6-0253689FD575}: Could not move decrypted file
2023-08-25 00:01:09 Generate_waveforms: Could not generate waveform for track {9957BAAF-CC18-428B-85E5-13C85AA8D202}: Could not move decrypted file
2023-08-25 00:01:31 Generate_waveforms: Could not generate waveform for track {998A1158-67AE-41FA-8604-A020893EC43A}: Could not move decrypted file
2023-08-25 00:01:32 Generate_waveforms: Could not generate waveform for track {99BFDB84-F45A-498A-851A-C54F59C43BAA}: Could not move decrypted file
2023-08-25 00:01:55 Generate_waveforms: Could not generate waveform for track {9B047F8A-A78A-4452-96C3-57332A0286DA}: Could not move decrypted file
2023-08-25 00:01:55 Generate_waveforms: Could not generate waveform for track {9C89046E-CAE8-4B46-AAF7-1AAEEB3C8CDE}: Could not move decrypted file
2023-08-25 00:02:18 Generate_waveforms: Could not generate waveform for track {9CD3650D-A16F-455D-B57A-815523A8A03E}: Could not move decrypted file
2023-08-25 00:02:18 Generate_waveforms: Could not generate waveform for track {9D29F8A4-27A5-433B-8880-819A88CBC85B}: Could not move decrypted file
2023-08-25 00:02:41 Generate_waveforms: Could not generate waveform for track {9D76F37F-B7C1-4F3B-A244-B08DD079B1CE}: Could not move decrypted file
2023-08-25 00:02:41 Generate_waveforms: Could not generate waveform for track {9F971793-561B-4E86-9824-F34644C4E452}: Could not move decrypted file
2023-08-25 00:03:04 Generate_waveforms: Could not generate waveform for track {A0C087A3-9B02-459B-93A3-6758C7F05612}: Could not move decrypted file
2023-08-25 00:03:04 Generate_waveforms: Could not generate waveform for track {A0D669F2-DAE0-4188-93C2-1F1EBD6D5202}: Could not move decrypted file
2023-08-25 00:03:34 Generate_waveforms: Could not generate waveform for track {A0DA1E49-4FD4-4E5D-A9D9-25DAC06688C3}: Could not move decrypted file
2023-08-25 00:03:37 Generate_waveforms: Could not generate waveform for track {A139A2DB-DB5E-4BEF-A607-F57B17737B52}: Could not move decrypted file
2023-08-25 00:03:37 Generate_waveforms: Could not generate waveform for track {A2FC99D3-44A1-4A5E-B7DE-A03D108D05A9}: Could not move decrypted file
2023-08-25 00:03:37 Generate_waveforms: Could not generate waveform for track {A3D2AE2C-D8B7-4552-82BF-EE70CEF56262}: Could not move decrypted file
2023-08-25 00:04:01 Generate_waveforms: Could not generate waveform for track {A526E443-6171-43E3-BE8D-1C87B7EDFD40}: Could not move decrypted file
2023-08-25 00:04:01 Generate_waveforms: Could not generate waveform for track {A5E9955D-7A34-4EDB-B909-DB5B3302CEE2}: Could not move decrypted file
2023-08-25 00:04:24 Generate_waveforms: Could not generate waveform for track {A68C64BC-3717-4F62-8B8B-54963E6C9E04}: Could not move decrypted file
2023-08-25 00:04:24 Generate_waveforms: Could not generate waveform for track {A78691E6-7B76-442D-961F-7371EB6DBA73}: Could not move decrypted file
2023-08-25 00:04:47 Generate_waveforms: Could not generate waveform for track {A7F149B5-E4D5-4054-AC89-718E0317B4AD}: Could not move decrypted file
2023-08-25 00:04:47 Generate_waveforms: Could not generate waveform for track {A839B0C5-525C-4421-B2C8-2653F90AFC2A}: Could not move decrypted file
2023-08-25 00:05:10 Generate_waveforms: Could not generate waveform for track {AB3A82BD-4257-4D0D-A865-7F30268F74C4}: Could not move decrypted file
2023-08-25 00:05:10 Generate_waveforms: Could not generate waveform for track {AF4C622B-1395-40D9-B7B1-5E16D4458E49}: Could not move decrypted file
2023-08-25 00:05:33 Generate_waveforms: Could not generate waveform for track {AF7A89FC-B2DC-4326-8DBB-08662AA84B2C}: Could not move decrypted file
2023-08-25 00:05:33 Generate_waveforms: Could not generate waveform for track {AFCB8F07-6DF8-4140-B699-72EC580199C0}: Could not move decrypted file
2023-08-25 00:05:56 Generate_waveforms: Could not generate waveform for track {AFED6A9C-8FA8-4D7B-8BD8-9D0C1F0378C1}: Could not move decrypted file
2023-08-25 00:06:19 Generate_waveforms: Could not generate waveform for track {B3F1AAC7-1FB9-4ACE-B1C1-4F1A1A504A87}: Could not move decrypted file
2023-08-25 00:06:19 Generate_waveforms: Could not generate waveform for track {B4446CBE-F47D-4F7D-853B-00F3338FF81D}: Could not move decrypted file
2023-08-25 00:06:42 Generate_waveforms: Could not generate waveform for track {B4C85A55-3B48-4760-A6AF-0826EE0826C5}: Could not move decrypted file
2023-08-25 00:06:43 Generate_waveforms: Could not generate waveform for track {B6258DD6-4D3A-49F0-8F09-122CE80E60A7}: Could not move decrypted file
2023-08-25 00:07:06 Generate_waveforms: Could not generate waveform for track {B68A54B8-2AA6-4E0B-BF4B-75BB7B446B23}: Could not move decrypted file
2023-08-25 00:07:06 Generate_waveforms: Could not generate waveform for track {B6C771FD-B6DD-46B9-AADD-10D59181A4D8}: Could not move decrypted file
2023-08-25 00:07:29 Generate_waveforms: Could not generate waveform for track {B7527E62-3D2B-4D43-842E-8555C2B4A913}: Could not move decrypted file
2023-08-25 00:07:29 Generate_waveforms: Could not generate waveform for track {B84F1964-5C0C-48BE-8E63-0DD42CC67A1B}: Could not move decrypted file
2023-08-25 00:07:52 Generate_waveforms: Could not generate waveform for track {B84F4655-044C-4035-A3B6-942D87A1B0E8}: Could not move decrypted file
2023-08-25 00:07:52 Generate_waveforms: Could not generate waveform for track {B9160F90-2C89-4FF3-BD6F-01ADF2D44DFF}: Could not move decrypted file
2023-08-25 00:08:15 Generate_waveforms: Could not generate waveform for track {B97F78F3-F7A5-419B-B25D-BBEECDE83791}: Could not move decrypted file
2023-08-25 00:08:15 Generate_waveforms: Could not generate waveform for track {BA451351-8F40-44C6-B412-EA0590A02E9F}: Could not move decrypted file
2023-08-25 00:08:39 Generate_waveforms: Could not generate waveform for track {BB2FAA9F-C008-4D11-8DE6-B92F22588667}: Could not move decrypted file
2023-08-25 00:08:39 Generate_waveforms: Could not generate waveform for track {BD8E077C-C5E4-4B43-8AF3-3AC00D27C043}: Could not move decrypted file
2023-08-25 00:09:00 Generate_waveforms: Could not generate waveform for track {BF315059-DDA2-4D60-8FA8-6AB52E65399C}: Could not move decrypted file
2023-08-25 00:09:00 Generate_waveforms: Could not generate waveform for track {BFB03AEE-3906-4AF3-96BF-AEF128E074B9}: Could not move decrypted file
2023-08-25 00:09:21 Generate_waveforms: Could not generate waveform for track {C0294C3A-C665-4330-8232-39852F8F3FE0}: Could not move decrypted file
2023-08-25 00:09:21 Generate_waveforms: Could not generate waveform for track {C02EB53D-024D-497A-97D3-FF6FF85D32F2}: Could not move decrypted file
2023-08-25 00:09:42 Generate_waveforms: Could not generate waveform for track {C446B9AE-1E89-4D07-B40D-0D3CD52920AE}: Could not move decrypted file
2023-08-25 00:09:42 Generate_waveforms: Could not generate waveform for track {C4AFC5D2-C079-4F5E-8C26-5C73D6CA5EF4}: Could not move decrypted file
2023-08-25 00:10:03 Generate_waveforms: Could not generate waveform for track {C511DC0B-BF1E-4E9D-9A57-BC0094EE68CA}: Could not move decrypted file
2023-08-25 00:10:03 Generate_waveforms: Could not generate waveform for track {C5CE9173-BD17-4BF1-B619-69C47878E0BE}: Could not move decrypted file
2023-08-25 00:10:24 Generate_waveforms: Could not generate waveform for track {C64859A8-4CE4-4ED8-A14E-56654D44A70E}: Could not move decrypted file
2023-08-25 00:10:24 Generate_waveforms: Could not generate waveform for track {C78A6E48-51FC-4E15-BD84-3AF89953DC8D}: Could not move decrypted file
2023-08-25 00:10:45 Generate_waveforms: Could not generate waveform for track {C7C7B8DA-2135-420D-8645-A37C117E7109}: Could not move decrypted file
2023-08-25 00:10:45 Generate_waveforms: Could not generate waveform for track {C9CF16E4-5149-44B0-ADAD-F8C284F285BE}: Could not move decrypted file
2023-08-25 00:11:06 Generate_waveforms: Could not generate waveform for track {CC632F71-1BFE-444A-B9A9-69B4EF250257}: Could not move decrypted file
2023-08-25 00:11:06 Generate_waveforms: Could not generate waveform for track {CCF0EFD7-1A79-4E5E-9B0A-2BA2A925D091}: Could not move decrypted file
2023-08-25 00:11:27 Generate_waveforms: Could not generate waveform for track {CE3FA45F-FEE7-464F-9088-1CA1635D62E8}: Could not move decrypted file
2023-08-25 00:11:27 Generate_waveforms: Could not generate waveform for track {CEA91546-36A5-4C2B-8D74-54A6360C3FBA}: Could not move decrypted file
2023-08-25 00:11:48 Generate_waveforms: Could not generate waveform for track {CF217B35-5CA4-45F3-967F-FC133D58C4E6}: Could not move decrypted file
2023-08-25 00:11:48 Generate_waveforms: Could not generate waveform for track {D05A2979-EBC3-4E6E-B8D4-832EFA50E781}: Could not move decrypted file
2023-08-25 00:12:10 Generate_waveforms: Could not generate waveform for track {D0B3B85D-585E-4435-A703-9FD656DD3416}: Could not move decrypted file
2023-08-25 00:12:10 Generate_waveforms: Could not generate waveform for track {D1036A2C-C8D3-4581-B806-330DE359F428}: Could not move decrypted file
2023-08-25 00:12:31 Generate_waveforms: Could not generate waveform for track {D1D687E7-2476-4072-AD17-B1EEAD7CC44E}: Could not move decrypted file
2023-08-25 00:12:31 Generate_waveforms: Could not generate waveform for track {D22B8625-B213-43F5-A624-ACB395E88071}: Could not move decrypted file
2023-08-25 00:12:52 Generate_waveforms: Could not generate waveform for track {D25D0C77-53AB-46E2-B14F-8D4469E279E0}: Could not move decrypted file
2023-08-25 00:12:52 Generate_waveforms: Could not generate waveform for track {D3827424-3A10-4EAD-9B8B-9718EDF00482}: Could not move decrypted file
2023-08-25 00:13:13 Generate_waveforms: Could not generate waveform for track {D3CEFCBC-6AF9-47D1-A3FB-787023102240}: Could not move decrypted file
2023-08-25 00:13:13 Generate_waveforms: Could not generate waveform for track {D64A49CF-F587-4019-B7DC-2882D49C8039}: Could not move decrypted file
2023-08-25 00:13:34 Generate_waveforms: Could not generate waveform for track {D672F28B-A22E-47C8-9982-4A51F95E4D24}: Could not move decrypted file
2023-08-25 00:13:34 Generate_waveforms: Could not generate waveform for track {D6DE9368-614D-4943-A442-25F37A355DA5}: Could not move decrypted file
2023-08-25 00:13:55 Generate_waveforms: Could not generate waveform for track {D77ADFEF-7A18-42BD-9C0B-5C46884B9D47}: Could not move decrypted file
2023-08-25 00:13:55 Generate_waveforms: Could not generate waveform for track {D82AAA06-0B44-4C88-8776-CFEF0A4DAEDC}: Could not move decrypted file
2023-08-25 00:14:16 Generate_waveforms: Could not generate waveform for track {D9456D88-6959-4CB7-B054-29E70C40B47F}: Could not move decrypted file
2023-08-25 00:14:16 Generate_waveforms: Could not generate waveform for track {D975E62C-9945-4E15-A693-C1663A1CC4F1}: Could not move decrypted file
2023-08-25 00:14:37 Generate_waveforms: Could not generate waveform for track {DA08E6AD-CA05-4750-97A6-9EB553AA67BF}: Could not move decrypted file
2023-08-25 00:14:37 Generate_waveforms: Could not generate waveform for track {DC70DD8D-3A89-4DE4-86BC-5C4B3F3A477D}: Could not move decrypted file
2023-08-25 00:14:59 Generate_waveforms: Could not generate waveform for track {DDBD9504-445C-4436-86BA-030C0C9E1708}: Could not move decrypted file
2023-08-25 00:14:59 Generate_waveforms: Could not generate waveform for track {DF95D46D-8180-4F5A-ACAB-EDA921581C69}: Could not move decrypted file
2023-08-25 00:15:20 Generate_waveforms: Could not generate waveform for track {DF9AAED7-9DB2-4AD8-8304-F45E62B2EF43}: Could not move decrypted file
2023-08-25 00:15:20 Generate_waveforms: Could not generate waveform for track {E0F68A4B-9D01-4056-BEF9-074C16C6FF89}: Could not move decrypted file
2023-08-25 00:15:41 Generate_waveforms: Could not generate waveform for track {E106C95F-7AA2-4BEA-BE04-088FD8FCCE13}: Could not move decrypted file
2023-08-25 00:15:41 Generate_waveforms: Could not generate waveform for track {E3573F3C-7E48-4C25-9297-436B8864B9FF}: Could not move decrypted file
2023-08-25 00:16:03 Generate_waveforms: Could not generate waveform for track {E3FCEB85-D6B9-490A-A65C-DBA8123A431A}: Could not move decrypted file
2023-08-25 00:16:03 Generate_waveforms: Could not generate waveform for track {E55C9AAB-C8A7-47E2-A95F-98616EE1D748}: Could not move decrypted file
2023-08-25 00:16:24 Generate_waveforms: Could not generate waveform for track {E5EB9BBF-E13E-4FF8-ACB7-5489C677F8EB}: Could not move decrypted file
2023-08-25 00:16:24 Generate_waveforms: Could not generate waveform for track {E77382D9-C433-4451-9310-84028F76962F}: Could not move decrypted file
2023-08-25 00:16:45 Generate_waveforms: Could not generate waveform for track {E813AC8D-B9DD-48FA-8D9F-A2A8F47BCBD7}: Could not move decrypted file
2023-08-25 00:16:45 Generate_waveforms: Could not generate waveform for track {E971DD4E-36B1-4757-A4B0-0A0B3503053F}: Could not move decrypted file
2023-08-25 00:17:06 Generate_waveforms: Could not generate waveform for track {EA4A86A4-D32D-478A-A2D6-541D3BD7D713}: Could not move decrypted file
2023-08-25 00:17:07 Generate_waveforms: Could not generate waveform for track {EAC6FC26-3A9E-45ED-B566-9DC43682218C}: Could not move decrypted file
2023-08-25 00:17:28 Generate_waveforms: Could not generate waveform for track {EB071D7C-79B3-43A1-A749-AC5432B33E77}: Could not move decrypted file
2023-08-25 00:17:28 Generate_waveforms: Could not generate waveform for track {EE2866BC-72BD-49E3-8332-75CC2B674BF7}: Could not move decrypted file
2023-08-25 00:17:49 Generate_waveforms: Could not generate waveform for track {EEB3FF1C-DCEC-4142-89F2-D54BB42BCD5B}: Could not move decrypted file
2023-08-25 00:17:49 Generate_waveforms: Could not generate waveform for track {EEE67B04-BD19-465A-8E39-5DB1A6A92A65}: Could not move decrypted file
2023-08-25 00:18:11 Generate_waveforms: Could not generate waveform for track {EF5EEFA0-7915-49E2-A8FF-9385E08DEB88}: Could not move decrypted file
2023-08-25 00:18:11 Generate_waveforms: Could not generate waveform for track {F0ACCD89-63B5-48E7-ABCA-5FBE9767B871}: Could not move decrypted file
2023-08-25 00:18:32 Generate_waveforms: Could not generate waveform for track {F1378FC3-6E69-4B5C-97D6-6ED6FF195CB5}: Could not move decrypted file
2023-08-25 00:18:32 Generate_waveforms: Could not generate waveform for track {F1518D99-4A33-4817-87A3-B950A21D36C6}: Could not move decrypted file
2023-08-25 00:18:53 Generate_waveforms: Could not generate waveform for track {F244A97E-2231-4474-A464-B9ADD718441F}: Could not move decrypted file
2023-08-25 00:18:53 Generate_waveforms: Could not generate waveform for track {F26EB519-6813-494E-BCD3-2C08B18A96D7}: Could not move decrypted file
2023-08-25 00:19:15 Generate_waveforms: Could not generate waveform for track {F3A5902F-C48B-4604-A8FD-28058B364079}: Could not move decrypted file
2023-08-25 00:19:15 Generate_waveforms: Could not generate waveform for track {F4220EB5-E177-4ADB-8F5A-14A5DF6B191B}: Could not move decrypted file
2023-08-25 00:19:36 Generate_waveforms: Could not generate waveform for track {F442FF30-09ED-40E9-A02C-D02A7EDC3DB6}: Could not move decrypted file
2023-08-25 00:19:36 Generate_waveforms: Could not generate waveform for track {F5F30A81-5CA2-4B04-9211-CE21019C3A95}: Could not move decrypted file
2023-08-25 00:19:58 Generate_waveforms: Could not generate waveform for track {F656D8E8-F4A7-4DAF-83E9-003B33B1ADA1}: Could not move decrypted file
2023-08-25 00:19:58 Generate_waveforms: Could not generate waveform for track {F87C818D-F463-426F-B3DD-7B08F6398D18}: Could not move decrypted file
2023-08-25 00:20:19 Generate_waveforms: Could not generate waveform for track {F8D38908-1577-49C6-9652-2854B42340F3}: Could not move decrypted file
2023-08-25 00:20:19 Generate_waveforms: Could not generate waveform for track {F8E67AA2-F04F-4C37-9236-7F41D521A6E9}: Could not move decrypted file
2023-08-25 00:20:41 Generate_waveforms: Could not generate waveform for track {F94554BD-B28F-4B34-B912-A05FE04C250F}: Could not move decrypted file
2023-08-25 00:20:41 Generate_waveforms: Could not generate waveform for track {F9777D6B-3789-4D84-817E-794F7A137C67}: Could not move decrypted file
2023-08-25 00:21:02 Generate_waveforms: Could not generate waveform for track {F98C8FB0-37B9-4699-9732-D52FB683AC44}: Could not move decrypted file
2023-08-25 00:21:02 Generate_waveforms: Could not generate waveform for track {F9EB7E03-EB49-4DC7-8284-337678C835F6}: Could not move decrypted file
2023-08-25 00:21:24 Generate_waveforms: Could not generate waveform for track {FC720D5F-1478-469A-ABA7-5B1FBE99FEA3}: Could not move decrypted file
2023-08-25 00:21:24 Generate_waveforms: Could not generate waveform for track {FDE5B19B-664B-41F0-AFCF-2EF6F66AEDB2}: Could not move decrypted file
2023-08-25 00:21:45 Generate_waveforms: Could not generate waveform for track {FE12DEFF-7592-42CD-8550-DCFDA58C87A6}: Could not move decrypted file
2023-08-25 00:21:45 Generate_waveforms: Could not generate waveform for track {FEFC5005-F1F1-4008-B716-511A76077C87}: Could not move decrypted file
2023-08-25 00:22:07 Generate_waveforms: Could not generate waveform for track {FF139CE9-35A5-4076-BD5E-3D6031A8DB45}: Could not move decrypted file
2023-08-25 00:22:07 Generate_waveforms: Could not generate waveform for track {FF20488D-D6B4-4848-A10B-27C64699FA0F}: Could not move decrypted file
